<?xml version="1.0" encoding="UTF-8"?>
<!-- Generated by org.testng.reporters.JUnitReportReporter -->
<testsuite skipped="0" hostname="Win7-PC" name="test" tests="1" failures="0" timestamp="04 Jul 2020 22:50:49 GMT" time="5.969" errors="0">
  <testcase name="url" time="5.969" classname="test"/>
</testsuite> <!-- test -->
