<?xml version="1.0" encoding="UTF-8"?>
<!-- Generated by org.testng.reporters.JUnitReportReporter -->
<testsuite skipped="0" hostname="Win7-PC" name="com.qa.tools.base.DriverScript" tests="1" failures="0" timestamp="04 Jul 2020 23:26:12 GMT" time="8.069" errors="0">
  <testcase name="qatools" time="8.069" classname="com.qa.tools.base.DriverScript"/>
</testsuite> <!-- com.qa.tools.base.DriverScript -->
